Build started 26/01/2015 9:24:26 PM.
     1>Project "C:\dev\research\spider\spider.vcxproj" on node 2 (Build target(s)).
     1>ClCompile:
         C:\Program Files (x86)\Microsoft Visual Studio 12.0\VC\bin\CL.exe /c /IC:\dev\research\spider\include /IC:\dev\research\VS\external\freeglut\include /Zi /nologo /W3 /WX- /Od /Oy- /D WIN32 /D NDEBUG /D _CONSOLE /D _LIB /D _UNICODE /D UNICODE /Gm- /EHsc /MD /GS /Gy /fp:precise /Zc:wchar_t /Zc:forScope /Fo"Release\\" /Fd"Release\vc120.pdb" /Gd /TP /analyze- /errorReport:prompt main.cpp
         main.cpp
     1>c:\dev\research\spider\worldsystem.h(140): warning C4244: 'argument' : conversion from 'double' to 'float', possible loss of data
     1>c:\dev\research\spider\worldsystem.h(141): warning C4244: 'argument' : conversion from 'double' to 'float', possible loss of data
     1>c:\dev\research\spider\worldsystem.h(146): warning C4244: 'argument' : conversion from 'double' to 'float', possible loss of data
     1>c:\dev\research\spider\glparticles.h(116): warning C4305: 'initializing' : truncation from 'double' to 'float'
     1>c:\dev\research\spider\glparticles.h(126): warning C4305: 'argument' : truncation from 'double' to 'float'
     1>c:\dev\research\spider\glparticles.h(148): warning C4244: '+=' : conversion from 'double' to 'float', possible loss of data
     1>c:\dev\research\spider\glparticles.h(172): warning C4244: '=' : conversion from 'int' to 'float', possible loss of data
     1>c:\dev\research\spider\glparticles.h(173): warning C4244: '=' : conversion from 'int' to 'float', possible loss of data
     1>c:\dev\research\spider\spider.h(122): warning C4244: 'initializing' : conversion from 'double' to 'float', possible loss of data
     1>c:\dev\research\spider\spider.h(144): warning C4244: 'initializing' : conversion from 'double' to 'float', possible loss of data
     1>c:\dev\research\spider\spider.h(145): warning C4244: 'initializing' : conversion from 'double' to 'float', possible loss of data
     1>c:\dev\research\spider\spider.h(146): warning C4244: 'initializing' : conversion from 'double' to 'float', possible loss of data
     1>c:\dev\research\spider\spider.h(173): warning C4244: 'initializing' : conversion from 'double' to 'float', possible loss of data
     1>c:\dev\research\spider\spider.h(174): warning C4244: 'initializing' : conversion from 'double' to 'float', possible loss of data
     1>c:\dev\research\spider\spider.h(175): warning C4244: 'initializing' : conversion from 'double' to 'float', possible loss of data
     1>c:\dev\research\spider\glspider.h(80): warning C4305: 'argument' : truncation from 'double' to 'GLfloat'
     1>c:\dev\research\spider\glspider.h(159): warning C4305: 'initializing' : truncation from 'double' to 'GLfloat'
     1>c:\dev\research\spider\glspider.h(186): warning C4305: 'initializing' : truncation from 'double' to 'float'
     1>c:\dev\research\spider\glspider.h(194): warning C4305: 'argument' : truncation from 'double' to 'float'
     1>c:\dev\research\spider\glspider.h(218): warning C4244: '+=' : conversion from 'double' to 'float', possible loss of data
     1>c:\dev\research\spider\glspider.h(242): warning C4244: '=' : conversion from 'int' to 'float', possible loss of data
     1>c:\dev\research\spider\glspider.h(243): warning C4244: '=' : conversion from 'int' to 'float', possible loss of data
       Link:
         C:\Program Files (x86)\Microsoft Visual Studio 12.0\VC\bin\link.exe /ERRORREPORT:PROMPT /OUT:"C:\dev\research\spider\Release\spider.exe" /INCREMENTAL:NO /NOLOGO /LIBPATH:C:\dev\research\VS\external\freeglut\lib freeglut.lib kernel32.lib user32.lib gdi32.lib winspool.lib comdlg32.lib advapi32.lib shell32.lib ole32.lib oleaut32.lib uuid.lib odbc32.lib odbccp32.lib /MANIFEST /MANIFESTUAC:"level='asInvoker' uiAccess='false'" /manifest:embed /DEBUG /PDB:"C:\dev\research\spider\Release\spider.pdb" /SUBSYSTEM:CONSOLE /OPT:REF /OPT:ICF /LTCG /TLBID:1 /DYNAMICBASE /NXCOMPAT /IMPLIB:"C:\dev\research\spider\Release\spider.lib" /MACHINE:X86 /SAFESEH Release\lodepng.obj
         Release\main.obj
         LINK : /LTCG specified but no code generation required; remove /LTCG from the link command line to improve linker performance
         spider.vcxproj -> C:\dev\research\spider\Release\spider.exe
     1>Done Building Project "C:\dev\research\spider\spider.vcxproj" (Build target(s)).

Build succeeded.

Time Elapsed 00:00:00.62
