Build started 26/01/2015 10:11:37 PM.
     1>Project "C:\dev\research\spider\spider.vcxproj" on node 2 (Build target(s)).
     1>ClCompile:
         C:\Program Files (x86)\Microsoft Visual Studio 12.0\VC\bin\CL.exe /c /IC:\dev\research\spider\include /IC:\dev\research\VS\external\freeglut\include /ZI /nologo /W3 /WX- /Od /Oi /Ot /Oy- /D WIN32 /D _DEBUG /D _CONSOLE /D _LIB /D _UNICODE /D UNICODE /Gm /EHsc /RTC1 /MDd /GS /fp:precise /Zc:wchar_t /Zc:forScope /Fo"Debug\\" /Fd"Debug\vc120.pdb" /Gd /TP /analyze- /errorReport:prompt main.cpp
         main.cpp
     1>c:\dev\research\spider\worldsystem.h(140): warning C4244: 'argument' : conversion from 'double' to 'float', possible loss of data
     1>c:\dev\research\spider\worldsystem.h(141): warning C4244: 'argument' : conversion from 'double' to 'float', possible loss of data
     1>c:\dev\research\spider\worldsystem.h(146): warning C4244: 'argument' : conversion from 'double' to 'float', possible loss of data
     1>c:\dev\research\spider\glparticles.h(117): warning C4305: 'initializing' : truncation from 'double' to 'float'
     1>c:\dev\research\spider\glparticles.h(126): warning C4305: 'argument' : truncation from 'double' to 'float'
     1>c:\dev\research\spider\glparticles.h(148): warning C4244: '+=' : conversion from 'double' to 'float', possible loss of data
     1>c:\dev\research\spider\glparticles.h(172): warning C4244: '=' : conversion from 'int' to 'float', possible loss of data
     1>c:\dev\research\spider\glparticles.h(173): warning C4244: '=' : conversion from 'int' to 'float', possible loss of data
       Link:
         C:\Program Files (x86)\Microsoft Visual Studio 12.0\VC\bin\link.exe /ERRORREPORT:PROMPT /OUT:"C:\dev\research\spider\Debug\spider.exe" /INCREMENTAL /NOLOGO /LIBPATH:C:\dev\research\VS\external\freeglut\lib freeglut.lib kernel32.lib user32.lib gdi32.lib winspool.lib comdlg32.lib advapi32.lib shell32.lib ole32.lib oleaut32.lib uuid.lib odbc32.lib odbccp32.lib /MANIFEST /MANIFESTUAC:"level='asInvoker' uiAccess='false'" /manifest:embed /DEBUG /PDB:"C:\dev\research\spider\Debug\spider.pdb" /SUBSYSTEM:CONSOLE /TLBID:1 /DYNAMICBASE /NXCOMPAT /IMPLIB:"C:\dev\research\spider\Debug\spider.lib" /MACHINE:X86 Debug\lodepng.obj
         Debug\main.obj
         spider.vcxproj -> C:\dev\research\spider\Debug\spider.exe
     1>Done Building Project "C:\dev\research\spider\spider.vcxproj" (Build target(s)).

Build succeeded.

Time Elapsed 00:00:00.57
